Build started 10/26/2015 11:22:34 PM.
     1>Project "D:\VCProjects\CIS462-562 Animation Toolkit - Master (Local)\HW6 - AnimationToolkit - Solution\libsrc\animation\libassignment2c-soln.vcxproj" on node 2 (Rebuild target(s)).
     1>ClCompile:
         C:\Program Files (x86)\Microsoft Visual Studio 12.0\VC\bin\CL.exe /c /I. /I".\..\..\3rdparty\eigen-3.2.2" /I.\..\..\3rdparty\DevIL1.6.7\include /I.\..\..\3rdparty\FBX.SDK.2014.2\include /I.\..\..\3rdparty\glut /I.\..\..\3rdparty\AntTweakBar.1.16\include /Z7 /nologo /W3 /WX- /Od /Oy- /D FBXSDK_SHARED /D WIN32 /D _DEBUG /D _LIB /D _MBCS /Gm- /EHsc /RTC1 /MDd /GS /fp:precise /Zc:wchar_t /Zc:forScope /Fo"..\..\lib\Debug\libassignment2c-soln\\" /Fd"..\..\lib\Debug\libassignment2c-soln\vc120.pdb" /Gd /TP /analyze- /errorReport:prompt "aIKController-soln.cpp" aTarget.cpp
         aIKController-soln.cpp
     1>aIKController-soln.cpp(185): warning C4800: 'int' : forcing value to bool 'true' or 'false' (performance warning)
     1>aIKController-soln.cpp(514): warning C4800: 'int' : forcing value to bool 'true' or 'false' (performance warning)
         aTarget.cpp
         Generating Code...
     1>d:\vcprojects\cis462-562 animation toolkit - master (local)\hw6 - animationtoolkit - solution\libsrc\animation\aikcontroller-soln.cpp(710): warning C4715: 'IKController::computeCCDIK' : not all control paths return a value
       Lib:
         C:\Program Files (x86)\Microsoft Visual Studio 12.0\VC\bin\Lib.exe /OUT:"..\..\lib\libassignment2c-solnd.lib" /NOLOGO "..\..\lib\Debug\libassignment2c-soln\aIKController-soln.obj"
         "..\..\lib\Debug\libassignment2c-soln\aTarget.obj"
         libassignment2c-soln.vcxproj -> D:\VCProjects\CIS462-562 Animation Toolkit - Master (Local)\HW6 - AnimationToolkit - Solution\libsrc\animation\..\..\lib\libassignment2c-solnd.lib
       PostBuildEvent:
         copy *.h ..\..\include
         :VCEnd
         aActor.h
         aBVHController.h
         aIKController.h
         aJoint.h
         aMotion.h
         aMotionController.h
         aRotation.h
         aSkeleton.h
         aSplineQuat.h
         aSplineVec3.h
         aTarget.h
         aTransform.h
         aVector.h
                13 file(s) copied.
     1>Done Building Project "D:\VCProjects\CIS462-562 Animation Toolkit - Master (Local)\HW6 - AnimationToolkit - Solution\libsrc\animation\libassignment2c-soln.vcxproj" (Rebuild target(s)).

Build succeeded.

Time Elapsed 00:00:01.31
