Build started 10/6/2015 2:41:32 PM.
     1>Project "D:\VCProjects\CIS462-562 Animation Toolkit - Master (Local)\HW4 - AnimationToolkit - Solution\libsrc\animation\libassignment2-soln.vcxproj" on node 4 (Build target(s)).
     1>ClCompile:
         C:\Program Files (x86)\Microsoft Visual Studio 12.0\VC\bin\CL.exe /c /I. /I".\..\..\3rdparty\eigen-3.2.2" /I.\..\..\3rdparty\DevIL1.6.7\include /I.\..\..\3rdparty\FBX.SDK.2014.2\include /I.\..\..\3rdparty\glut /I.\..\..\3rdparty\AntTweakBar.1.16\include /Zi /nologo /W3 /WX- /O2 /Oi /Oy- /GL /D FBXSDK_SHARED /D WIN32 /D NDEBUG /D _LIB /D _MBCS /Gm- /EHsc /MD /GS /Gy /fp:precise /Zc:wchar_t /Zc:forScope /Fo"..\..\lib\Release\libassignment2-soln\\" /Fd"..\..\lib\Release\libassignment2-soln\vc120.pdb" /Gd /TP /analyze- /errorReport:prompt "aAnimatables-soln.cpp" aBVHController.cpp "aTransform-soln.cpp"
         aAnimatables-soln.cpp
         aBVHController.cpp
         aTransform-soln.cpp
       Lib:
         C:\Program Files (x86)\Microsoft Visual Studio 12.0\VC\bin\Lib.exe /OUT:"..\..\lib\libassignment2-soln.lib" /NOLOGO /LTCG "..\..\lib\Release\libassignment2-soln\aAnimatables-soln.obj"
         "..\..\lib\Release\libassignment2-soln\aBVHController.obj"
         "..\..\lib\Release\libassignment2-soln\aRotation-soln.obj"
         "..\..\lib\Release\libassignment2-soln\aSplineQuat-soln.obj"
         "..\..\lib\Release\libassignment2-soln\aTransform-soln.obj"
         libassignment2-soln.vcxproj -> D:\VCProjects\CIS462-562 Animation Toolkit - Master (Local)\HW4 - AnimationToolkit - Solution\libsrc\animation\..\..\lib\libassignment2-soln.lib
       PostBuildEvent:
         copy *.h ..\..\include
         :VCEnd
         aAnimatables.h
         aBVHController.h
         aIKController.h
         aMotion.h
         aMotionController.h
         aRotation.h
         aSplineQuat.h
         aSplineVec3.h
         aTransform.h
         aVector.h
                10 file(s) copied.
     1>Done Building Project "D:\VCProjects\CIS462-562 Animation Toolkit - Master (Local)\HW4 - AnimationToolkit - Solution\libsrc\animation\libassignment2-soln.vcxproj" (Build target(s)).

Build succeeded.

Time Elapsed 00:00:03.29
