Build started 10/13/2015 4:55:07 PM.
     1>Project "D:\VCProjects\CIS462-562 Animation Toolkit - Master (Local)\HW4 - AnimationToolkit - Solution\libsrc\animation\libassignment2-soln.vcxproj" on node 4 (Rebuild target(s)).
     1>ClCompile:
         C:\Program Files (x86)\Microsoft Visual Studio 12.0\VC\bin\CL.exe /c /I. /I".\..\..\3rdparty\eigen-3.2.2" /I.\..\..\3rdparty\DevIL1.6.7\include /I.\..\..\3rdparty\FBX.SDK.2014.2\include /I.\..\..\3rdparty\glut /I.\..\..\3rdparty\AntTweakBar.1.16\include /Z7 /nologo /W3 /WX- /Od /Oy- /D FBXSDK_SHARED /D WIN32 /D _DEBUG /D _LIB /D _MBCS /Gm- /EHsc /RTC1 /MDd /GS /fp:precise /Zc:wchar_t /Zc:forScope /Fo"..\..\lib\Debug\libassignment2-soln\\" /Fd"..\..\lib\Debug\libassignment2-soln\vc120.pdb" /Gd /TP /analyze- /errorReport:prompt "aActor-soln.cpp" aBVHController.cpp "aIKController-soln.cpp" aJoint.cpp "aRotation-soln.cpp" aSkeleton.cpp "aSplineQuat-soln.cpp" "aTransform-soln.cpp"
         aActor-soln.cpp
         aBVHController.cpp
         aIKController-soln.cpp
         aJoint.cpp
         aRotation-soln.cpp
         aSkeleton.cpp
         aSplineQuat-soln.cpp
         aTransform-soln.cpp
         Generating Code...
       Lib:
         C:\Program Files (x86)\Microsoft Visual Studio 12.0\VC\bin\Lib.exe /OUT:"..\..\lib\libassignment2-solnd.lib" /NOLOGO "..\..\lib\Debug\libassignment2-soln\aActor-soln.obj"
         "..\..\lib\Debug\libassignment2-soln\aBVHController.obj"
         "..\..\lib\Debug\libassignment2-soln\aIKController-soln.obj"
         "..\..\lib\Debug\libassignment2-soln\aJoint.obj"
         "..\..\lib\Debug\libassignment2-soln\aRotation-soln.obj"
         "..\..\lib\Debug\libassignment2-soln\aSkeleton.obj"
         "..\..\lib\Debug\libassignment2-soln\aSplineQuat-soln.obj"
         "..\..\lib\Debug\libassignment2-soln\aTransform-soln.obj"
         libassignment2-soln.vcxproj -> D:\VCProjects\CIS462-562 Animation Toolkit - Master (Local)\HW4 - AnimationToolkit - Solution\libsrc\animation\..\..\lib\libassignment2-solnd.lib
       PostBuildEvent:
         copy *.h ..\..\include
         :VCEnd
         aActor.h
         aAnimatables.h
         aBVHController.h
         aIKController.h
         aJoint.h
         aMotion.h
         aMotionController.h
         aRotation.h
         aSkeleton.h
         aSplineQuat.h
         aSplineVec3.h
         aTransform.h
         aVector.h
                13 file(s) copied.
     1>Done Building Project "D:\VCProjects\CIS462-562 Animation Toolkit - Master (Local)\HW4 - AnimationToolkit - Solution\libsrc\animation\libassignment2-soln.vcxproj" (Rebuild target(s)).

Build succeeded.

Time Elapsed 00:00:04.28
