Build started 10/26/2015 11:23:10 PM.
     1>Project "D:\VCProjects\CIS462-562 Animation Toolkit - Master (Local)\HW6 - AnimationToolkit - Solution\libsrc\animation\libassignment2a-soln.vcxproj" on node 3 (Rebuild target(s)).
     1>ClCompile:
         C:\Program Files (x86)\Microsoft Visual Studio 12.0\VC\bin\CL.exe /c /I. /I".\..\..\3rdparty\eigen-3.2.2" /I.\..\..\3rdparty\DevIL1.6.7\include /I.\..\..\3rdparty\FBX.SDK.2014.2\include /I.\..\..\3rdparty\glut /I.\..\..\3rdparty\AntTweakBar.1.16\include /Zi /nologo /W3 /WX- /O2 /Oi /Oy- /GL /D FBXSDK_SHARED /D WIN32 /D NDEBUG /D _LIB /D _MBCS /Gm- /EHsc /MD /GS /Gy /fp:precise /Zc:wchar_t /Zc:forScope /Fo"..\..\lib\Release\libassignment2a-soln\\" /Fd"..\..\lib\Release\libassignment2a-soln\vc120.pdb" /Gd /TP /analyze- /errorReport:prompt "aRotation-soln.cpp" "aSplineQuat-soln.cpp"
         aRotation-soln.cpp
         aSplineQuat-soln.cpp
       Lib:
         C:\Program Files (x86)\Microsoft Visual Studio 12.0\VC\bin\Lib.exe /OUT:"..\..\lib\libassignment2a-soln.lib" /NOLOGO /LTCG "..\..\lib\Release\libassignment2a-soln\aRotation-soln.obj"
         "..\..\lib\Release\libassignment2a-soln\aSplineQuat-soln.obj"
         libassignment2a-soln.vcxproj -> D:\VCProjects\CIS462-562 Animation Toolkit - Master (Local)\HW6 - AnimationToolkit - Solution\libsrc\animation\..\..\lib\libassignment2a-soln.lib
       PostBuildEvent:
         copy *.h ..\..\include
         :VCEnd
         aActor.h
         aBVHController.h
         aIKController.h
         aJoint.h
         aMotion.h
         aMotionController.h
         aRotation.h
         aSkeleton.h
         aSplineQuat.h
         aSplineVec3.h
         aTarget.h
         aTransform.h
         aVector.h
                13 file(s) copied.
     1>Done Building Project "D:\VCProjects\CIS462-562 Animation Toolkit - Master (Local)\HW6 - AnimationToolkit - Solution\libsrc\animation\libassignment2a-soln.vcxproj" (Rebuild target(s)).

Build succeeded.

Time Elapsed 00:00:01.78
