Build started 10/26/2015 11:23:02 PM.
     1>Project "D:\VCProjects\CIS462-562 Animation Toolkit - Master (Local)\HW6 - AnimationToolkit - Solution\libsrc\animation\libassignment2b-soln.vcxproj" on node 3 (Build target(s)).
     1>Lib:
         C:\Program Files (x86)\Microsoft Visual Studio 12.0\VC\bin\Lib.exe /OUT:"..\..\lib\libassignment2b-solnd.lib" "libassignment2c-solnd.lib" /LIBPATH:..\..\lib /NOLOGO "..\..\lib\Debug\libassignment2b-soln\aActor-soln.obj"
         "..\..\lib\Debug\libassignment2b-soln\aBVHController-soln.obj"
         "..\..\lib\Debug\libassignment2b-soln\aJoint-soln.obj"
         "..\..\lib\Debug\libassignment2b-soln\aSkeleton-soln.obj"
         "..\..\lib\Debug\libassignment2b-soln\aTransform-soln.obj"
         libassignment2b-soln.vcxproj -> D:\VCProjects\CIS462-562 Animation Toolkit - Master (Local)\HW6 - AnimationToolkit - Solution\libsrc\animation\..\..\lib\libassignment2b-solnd.lib
       PostBuildEvent:
         copy *.h ..\..\include
         :VCEnd
         aActor.h
         aBVHController.h
         aIKController.h
         aJoint.h
         aMotion.h
         aMotionController.h
         aRotation.h
         aSkeleton.h
         aSplineQuat.h
         aSplineVec3.h
         aTarget.h
         aTransform.h
         aVector.h
                13 file(s) copied.
     1>Done Building Project "D:\VCProjects\CIS462-562 Animation Toolkit - Master (Local)\HW6 - AnimationToolkit - Solution\libsrc\animation\libassignment2b-soln.vcxproj" (Build target(s)).

Build succeeded.

Time Elapsed 00:00:00.18
