Build started 3/28/2016 7:49:17 PM.
     1>Project "C:\Users\Alex\Documents\GitHub\AnimationToolkit-AlexFiuk\HW9 - AnimationToolkit\libsrc\ui\libui.vcxproj" on node 2 (Build target(s)).
     1>Lib:
         libui.vcxproj -> C:\Users\Alex\Documents\GitHub\AnimationToolkit-AlexFiuk\HW9 - AnimationToolkit\libsrc\ui\..\..\lib\libuid.lib
       PostBuildEvent:
         copy *.h ..\..\include
         :VCEnd
         aBasicViewer.h
         aCamera.h
         aFBX.h
         aImage.h
         aSceneCache.h
         aSceneCache0.h
         aSceneDrawer.h
         aTimer.h
         aWin32Utils.h
                 9 file(s) copied.
     1>Done Building Project "C:\Users\Alex\Documents\GitHub\AnimationToolkit-AlexFiuk\HW9 - AnimationToolkit\libsrc\ui\libui.vcxproj" (Build target(s)).

Build succeeded.

Time Elapsed 00:00:00.08
