Build started 3/28/2016 7:48:41 PM.
     1>Project "C:\Users\Alex\Documents\GitHub\AnimationToolkit-AlexFiuk\HW9 - AnimationToolkit\libsrc\animation\libassignment2b.vcxproj" on node 3 (Rebuild target(s)).
     1>ClCompile:
         C:\Program Files (x86)\Microsoft Visual Studio 12.0\VC\bin\CL.exe /c /I. /I".\..\..\3rdparty\eigen-3.2.2" /I.\..\..\3rdparty\DevIL1.6.7\include /I.\..\..\3rdparty\FBX.SDK.2014.2\include /I.\..\..\3rdparty\glut /I.\..\..\3rdparty\AntTweakBar.1.16\include /Z7 /nologo /W3 /WX- /Od /Oy- /D FBXSDK_SHARED /D WIN32 /D _DEBUG /D _LIB /D _MBCS /Gm- /EHsc /RTC1 /MDd /GS /fp:precise /Zc:wchar_t /Zc:forScope /Fo"..\..\lib\Debug\libassignment2b\\" /Fd"..\..\lib\Debug\libassignment2b\vc120.pdb" /Gd /TP /analyze- /errorReport:prompt aActor.cpp aBVHController.cpp aJoint.cpp aSkeleton.cpp aTransform.cpp
         aActor.cpp
         aBVHController.cpp
         aJoint.cpp
         aSkeleton.cpp
         aTransform.cpp
         Generating Code...
       Lib:
         C:\Program Files (x86)\Microsoft Visual Studio 12.0\VC\bin\Lib.exe /OUT:"..\..\lib\libassignment2bd.lib" libassignment2cd.lib /LIBPATH:..\..\lib /NOLOGO ..\..\lib\Debug\libassignment2b\aActor.obj
         ..\..\lib\Debug\libassignment2b\aBVHController.obj
         ..\..\lib\Debug\libassignment2b\aJoint.obj
         ..\..\lib\Debug\libassignment2b\aSkeleton.obj
         ..\..\lib\Debug\libassignment2b\aTransform.obj
         libassignment2b.vcxproj -> C:\Users\Alex\Documents\GitHub\AnimationToolkit-AlexFiuk\HW9 - AnimationToolkit\libsrc\animation\..\..\lib\libassignment2bd.lib
       PostBuildEvent:
         copy *.h ..\..\include
         :VCEnd
         aActor.h
         aBehaviorController.h
         aBehaviors.h
         aBVHController.h
         aFireworks.h
         aIKController.h
         aJitter.h
         aJoint.h
         aMatrix.h
         aMotion.h
         aMotionController.h
         aParticle.h
         aParticleSystem.h
         aRocket.h
         aRotation.h
         aSkeleton.h
         aSpark.h
         aSplineQuat.h
         aSplineVec3.h
         aTarget.h
         aTransform.h
         aVector.h
                22 file(s) copied.
     1>Done Building Project "C:\Users\Alex\Documents\GitHub\AnimationToolkit-AlexFiuk\HW9 - AnimationToolkit\libsrc\animation\libassignment2b.vcxproj" (Rebuild target(s)).

Build succeeded.

Time Elapsed 00:00:01.43
